SF:src/hierarchical_naics_model/__init__.py
end_of_record
SF:src/hierarchical_naics_model/cli/__init__.py
end_of_record
SF:src/hierarchical_naics_model/cli/fit.py
end_of_record
SF:src/hierarchical_naics_model/cli/report.py
end_of_record
SF:src/hierarchical_naics_model/cli/score.py
end_of_record
SF:src/hierarchical_naics_model/core/__init__.py
end_of_record
SF:src/hierarchical_naics_model/core/effects.py
end_of_record
SF:src/hierarchical_naics_model/core/hierarchy.py
end_of_record
SF:src/hierarchical_naics_model/core/scales.py
end_of_record
SF:src/hierarchical_naics_model/core/src/__init__.py
DA:1,1
DA:3,1
LF:2
LH:2
end_of_record
SF:src/hierarchical_naics_model/core/src/naics_code_padder.py
DA:1,1
DA:4,1
DA:11,1
DA:12,1
DA:13,1
DA:15,1
DA:16,1
DA:17,1
DA:20,1
DA:21,1
DA:22,1
DA:23,1
DA:25,1
DA:26,1
LF:14
LH:14
FN:11,13,NaicsCodePadder.__init__
FNDA:1,NaicsCodePadder.__init__
FN:15,23,NaicsCodePadder.pad
FNDA:1,NaicsCodePadder.pad
FN:25,26,NaicsCodePadder.__call__
FNDA:1,NaicsCodePadder.__call__
FNF:3
FNH:3
end_of_record
SF:src/hierarchical_naics_model/core/src/tests/test_naics_code_padder.py
DA:1,1
DA:2,1
DA:5,1
DA:6,1
DA:7,1
DA:10,1
DA:23,1
DA:37,1
DA:38,1
DA:39,1
DA:40,1
DA:41,1
DA:43,1
DA:44,1
DA:45,1
LF:15
LH:15
FN:6,7,padder
FNDA:1,padder
FN:38,45,test_naics_code_padder
FNDA:1,test_naics_code_padder
FNF:2
FNH:2
end_of_record
SF:src/hierarchical_naics_model/core/validation.py
end_of_record
SF:src/hierarchical_naics_model/eval/__init__.py
end_of_record
SF:src/hierarchical_naics_model/io/__init__.py
end_of_record
SF:src/hierarchical_naics_model/io/artifacts.py
end_of_record
SF:src/hierarchical_naics_model/io/datasets.py
end_of_record
SF:src/hierarchical_naics_model/io/schema.py
end_of_record
SF:src/hierarchical_naics_model/modeling/__init__.py
end_of_record
SF:src/hierarchical_naics_model/modeling/pymc_nested_graph.py
end_of_record
SF:src/hierarchical_naics_model/modeling/sampling.py
end_of_record
SF:src/hierarchical_naics_model/scoring/__init__.py
end_of_record
SF:src/hierarchical_naics_model/scoring/explain.py
end_of_record
SF:src/hierarchical_naics_model/scoring/extract.py
end_of_record
SF:src/hierarchical_naics_model/scoring/predict.py
end_of_record
